c:\workspace\e12-gdb2\e12-gdb2\visualgdb\debug\gdbstub-entry.o
c:\workspace\e12-gdb2\e12-gdb2\visualgdb\debug\gdbstub.o
c:\workspace\e12-gdb2\e12-gdb2\visualgdb\debug\gpio.o
c:\workspace\e12-gdb2\e12-gdb2\visualgdb\debug\httpdemo.o
c:\workspace\e12-gdb2\e12-gdb2\visualgdb\debug\hw_timer.o
c:\workspace\e12-gdb2\e12-gdb2\visualgdb\debug\i2c_master.o
c:\workspace\e12-gdb2\e12-gdb2\visualgdb\debug\spi_interface.o
c:\workspace\e12-gdb2\e12-gdb2\visualgdb\debug\stubs.o
c:\workspace\e12-gdb2\e12-gdb2\visualgdb\debug\uart.o
c:\workspace\e12-gdb2\e12-gdb2\visualgdb\debug\gdbstub-entry.dep
c:\workspace\e12-gdb2\e12-gdb2\visualgdb\debug\gdbstub.dep
c:\workspace\e12-gdb2\e12-gdb2\visualgdb\debug\gpio.dep
c:\workspace\e12-gdb2\e12-gdb2\visualgdb\debug\httpdemo.dep
c:\workspace\e12-gdb2\e12-gdb2\visualgdb\debug\hw_timer.dep
c:\workspace\e12-gdb2\e12-gdb2\visualgdb\debug\i2c_master.dep
c:\workspace\e12-gdb2\e12-gdb2\visualgdb\debug\spi_interface.dep
c:\workspace\e12-gdb2\e12-gdb2\visualgdb\debug\stubs.dep
c:\workspace\e12-gdb2\e12-gdb2\visualgdb\debug\uart.dep
c:\workspace\e12-gdb2\e12-gdb2\visualgdb\debug\gdbstub-entry.gcc.rsp
c:\workspace\e12-gdb2\e12-gdb2\visualgdb\debug\gdbstub.gcc.rsp
c:\workspace\e12-gdb2\e12-gdb2\visualgdb\debug\gpio.gcc.rsp
c:\workspace\e12-gdb2\e12-gdb2\visualgdb\debug\httpdemo.gcc.rsp
c:\workspace\e12-gdb2\e12-gdb2\visualgdb\debug\hw_timer.gcc.rsp
c:\workspace\e12-gdb2\e12-gdb2\visualgdb\debug\i2c_master.gcc.rsp
c:\workspace\e12-gdb2\e12-gdb2\visualgdb\debug\spi_interface.gcc.rsp
c:\workspace\e12-gdb2\e12-gdb2\visualgdb\debug\stubs.gcc.rsp
c:\workspace\e12-gdb2\e12-gdb2\visualgdb\debug\uart.gcc.rsp
c:\workspace\e12-gdb2\e12-gdb2\visualgdb\debug\e12-gdb2.alldeps
